<?xml version="1.0" encoding="UTF-8"?>
<!-- Generated by org.testng.reporters.JUnitReportReporter -->
<testsuite hostname="Lenovo" failures="0" tests="4" name="com.BannerTestcase.TC_Banner_01" time="135.710" errors="0" timestamp="2023-02-21T16:35:45 IST" skipped="0">
  <testcase classname="com.BannerTestcase.TC_Banner_01" name="TC_Banner" time="43.076"/>
  <system-out/>
  <testcase classname="com.BannerTestcase.TC_Banner_01" name="negativePDF" time="17.028"/>
  <system-out/>
  <testcase classname="com.BannerTestcase.TC_Banner_01" name="negativeTXT" time="36.491"/>
  <system-out/>
  <testcase classname="com.BannerTestcase.TC_Banner_01" name="negativeDOCX" time="39.115"/>
  <system-out/>
</testsuite> <!-- com.BannerTestcase.TC_Banner_01 -->
