<?xml version="1.0" encoding="UTF-8"?>
<!-- Generated by org.testng.reporters.JUnitReportReporter -->
<testsuite hostname="Lenovo" failures="0" tests="3" name="com.OtherPosterCategoriesTestcase.TC_Delete_01" time="103.290" errors="0" timestamp="2023-02-20T12:05:58 IST" skipped="0">
  <testcase classname="com.OtherPosterCategoriesTestcase.TC_Delete_01" name="deleteTestcancel" time="82.241"/>
  <system-out/>
  <testcase classname="com.OtherPosterCategoriesTestcase.TC_Delete_01" name="deleteTestconfirm" time="11.285"/>
  <system-out/>
  <testcase classname="com.OtherPosterCategoriesTestcase.TC_Delete_01" name="deleteTest" time="9.764"/>
  <system-out/>
</testsuite> <!-- com.OtherPosterCategoriesTestcase.TC_Delete_01 -->
