<?xml version="1.0" encoding="UTF-8"?>
<!-- Generated by org.testng.reporters.JUnitReportReporter -->
<testsuite hostname="Lenovo" failures="0" tests="1" name="com.LogoutTestcase.TC_logout_01" time="37.829" errors="0" timestamp="2023-02-21T16:35:46 IST" skipped="0">
  <testcase classname="com.LogoutTestcase.TC_logout_01" name="logtest" time="37.829"/>
  <system-out/>
</testsuite> <!-- com.LogoutTestcase.TC_logout_01 -->
