<?xml version="1.0" encoding="UTF-8"?>
<!-- Generated by org.testng.reporters.JUnitReportReporter -->
<testsuite hostname="Lenovo" failures="0" tests="2" name="com.StyleTestcase.TC_Sort_01" time="29.758" errors="0" timestamp="2023-02-21T16:35:46 IST" skipped="0">
  <testcase classname="com.StyleTestcase.TC_Sort_01" name="sorttest" time="23.762"/>
  <system-out/>
  <testcase classname="com.StyleTestcase.TC_Sort_01" name="sorttestStyle" time="5.996"/>
  <system-out/>
</testsuite> <!-- com.StyleTestcase.TC_Sort_01 -->
