<?xml version="1.0" encoding="UTF-8"?>
<!-- Generated by org.testng.reporters.JUnitReportReporter -->
<testsuite hostname="Lenovo" failures="0" tests="4" name="com.CustomerTestcase.TC_Delete_01" time="69.738" errors="0" timestamp="2023-02-21T11:31:40 IST" skipped="0">
  <testcase classname="com.CustomerTestcase.TC_Delete_01" name="deleteTest" time="33.592"/>
  <system-out/>
  <testcase classname="com.CustomerTestcase.TC_Delete_01" name="deleteTestconfirm" time="18.074"/>
  <system-out/>
  <testcase classname="com.CustomerTestcase.TC_Delete_01" name="deleteTestcustomers" time="9.023"/>
  <system-out/>
  <testcase classname="com.CustomerTestcase.TC_Delete_01" name="deleteTestcustomersconfig" time="9.049"/>
  <system-out/>
</testsuite> <!-- com.CustomerTestcase.TC_Delete_01 -->
