<?xml version="1.0" encoding="UTF-8"?>
<!-- Generated by org.testng.reporters.JUnitReportReporter -->
<testsuite hostname="Lenovo" failures="0" tests="2" name="com.FrameTestCase.DeleteFrame" time="16.804" errors="0" timestamp="2023-02-21T10:45:48 IST" skipped="0">
  <testcase classname="com.FrameTestCase.DeleteFrame" name="deletetest" time="9.850"/>
  <system-out/>
  <testcase classname="com.FrameTestCase.DeleteFrame" name="deletetestclr" time="6.954"/>
  <system-out/>
</testsuite> <!-- com.FrameTestCase.DeleteFrame -->
