<?xml version="1.0" encoding="UTF-8"?>
<!-- Generated by org.testng.reporters.JUnitReportReporter -->
<testsuite hostname="Lenovo" failures="0" tests="1" name="com.SettingsTestcase.TC_Settings_01" time="24.492" errors="0" timestamp="2023-02-21T16:35:45 IST" skipped="0">
  <testcase classname="com.SettingsTestcase.TC_Settings_01" name="settingsTestnegative" time="24.492"/>
  <system-out/>
</testsuite> <!-- com.SettingsTestcase.TC_Settings_01 -->
