<?xml version="1.0" encoding="UTF-8"?>
<!-- Generated by org.testng.reporters.JUnitReportReporter -->
<testsuite hostname="Lenovo" failures="0" tests="1" name="com.StyleTestcase.TC_Delete_01" time="56.942" errors="0" timestamp="2023-02-21T10:45:48 IST" skipped="0">
  <testcase classname="com.StyleTestcase.TC_Delete_01" name="deleteTest" time="56.942"/>
  <system-out/>
</testsuite> <!-- com.StyleTestcase.TC_Delete_01 -->
