<?xml version="1.0" encoding="UTF-8"?>
<!-- Generated by org.testng.reporters.JUnitReportReporter -->
<testsuite hostname="Lenovo" failures="0" tests="1" name="com.BannerTestcase.SearchPostivi_01" time="6.550" errors="0" timestamp="2023-02-01T16:39:35 IST" skipped="0">
  <testcase classname="com.BannerTestcase.SearchPostivi_01" name="searchTest" time="6.550"/>
  <system-out/>
</testsuite> <!-- com.BannerTestcase.SearchPostivi_01 -->
