<?xml version="1.0" encoding="UTF-8"?>
<!-- Generated by org.testng.reporters.JUnitReportReporter -->
<testsuite hostname="Lenovo" failures="0" tests="2" name="com.BannerTestcase.TC_Edit_01" time="80.076" errors="0" timestamp="2023-02-21T16:35:46 IST" skipped="0">
  <testcase classname="com.BannerTestcase.TC_Edit_01" name="Edittest" time="54.544"/>
  <system-out/>
  <testcase classname="com.BannerTestcase.TC_Edit_01" name="EditNegative" time="25.532"/>
  <system-out/>
</testsuite> <!-- com.BannerTestcase.TC_Edit_01 -->
