<?xml version="1.0" encoding="UTF-8"?>
<!-- Generated by org.testng.reporters.JUnitReportReporter -->
<testsuite hostname="Lenovo" failures="0" tests="1" name="com.StyleTestcase.TC_Edit_01" time="35.997" errors="0" timestamp="2023-02-21T16:35:46 IST" skipped="0">
  <testcase classname="com.StyleTestcase.TC_Edit_01" name="editTest" time="35.997"/>
  <system-out/>
</testsuite> <!-- com.StyleTestcase.TC_Edit_01 -->
