<?xml version="1.0" encoding="UTF-8"?>
<!-- Generated by org.testng.reporters.JUnitReportReporter -->
<testsuite hostname="Lenovo" failures="0" tests="1" name="com.BannerTestcase.TC_SortTese_01" time="5.708" errors="0" timestamp="2023-02-01T18:09:26 IST" skipped="0">
  <testcase classname="com.BannerTestcase.TC_SortTese_01" name="Sorttest" time="5.708"/>
  <system-out/>
</testsuite> <!-- com.BannerTestcase.TC_SortTese_01 -->
