<?xml version="1.0" encoding="UTF-8"?>
<!-- Generated by org.testng.reporters.JUnitReportReporter -->
<testsuite hostname="Lenovo" failures="0" tests="1" name="com.FrameTestCase.ClearAddFrame" time="45.810" errors="0" timestamp="2023-02-21T16:35:45 IST" skipped="0">
  <testcase classname="com.FrameTestCase.ClearAddFrame" name="Cleartest" time="45.810"/>
  <system-out/>
</testsuite> <!-- com.FrameTestCase.ClearAddFrame -->
