<?xml version="1.0" encoding="UTF-8"?>
<!-- Generated by org.testng.reporters.JUnitReportReporter -->
<testsuite hostname="Lenovo" failures="0" tests="2" name="com.BannerTestcase.TC_SearchPostive_01" time="12.594" errors="0" timestamp="2023-02-06T15:43:39 IST" skipped="0">
  <testcase classname="com.BannerTestcase.TC_SearchPostive_01" name="searchTest" time="7.317"/>
  <system-out/>
  <testcase classname="com.BannerTestcase.TC_SearchPostive_01" name="searchTestNeg" time="5.277"/>
  <system-out/>
</testsuite> <!-- com.BannerTestcase.TC_SearchPostive_01 -->
