<?xml version="1.0" encoding="UTF-8"?>
<!-- Generated by org.testng.reporters.JUnitReportReporter -->
<testsuite hostname="Lenovo" failures="0" tests="1" name="com.FrameTestCase.TC_AddFrame_01" time="59.004" errors="0" timestamp="2023-02-21T16:35:46 IST" skipped="0">
  <testcase classname="com.FrameTestCase.TC_AddFrame_01" name="Frametest" time="59.004"/>
  <system-out/>
</testsuite> <!-- com.FrameTestCase.TC_AddFrame_01 -->
