<?xml version="1.0" encoding="UTF-8"?>
<!-- Generated by org.testng.reporters.JUnitReportReporter -->
<testsuite hostname="Lenovo" failures="0" tests="2" name="com.DashBoardTestcase.TC_CustomersAndSort_01" time="43.973" errors="0" timestamp="2023-02-15T11:33:50 IST" skipped="0">
  <testcase classname="com.DashBoardTestcase.TC_CustomersAndSort_01" name="customerTest" time="18.589"/>
  <system-out/>
  <testcase classname="com.DashBoardTestcase.TC_CustomersAndSort_01" name="actionSearchNegative" time="25.384"/>
  <system-out/>
</testsuite> <!-- com.DashBoardTestcase.TC_CustomersAndSort_01 -->
