<?xml version="1.0" encoding="UTF-8"?>
<!-- Generated by org.testng.reporters.JUnitReportReporter -->
<testsuite hostname="Lenovo" failures="0" tests="2" name="com.DashBoardTestcase.TC_Search_01" time="26.534" errors="0" timestamp="2023-02-15T11:57:48 IST" skipped="0">
  <testcase classname="com.DashBoardTestcase.TC_Search_01" name="actionSearch" time="16.168"/>
  <system-out/>
  <testcase classname="com.DashBoardTestcase.TC_Search_01" name="actionSearchNegative" time="10.366"/>
  <system-out/>
</testsuite> <!-- com.DashBoardTestcase.TC_Search_01 -->
