<?xml version="1.0" encoding="UTF-8"?>
<!-- Generated by org.testng.reporters.JUnitReportReporter -->
<testsuite hostname="Lenovo" failures="0" tests="1" name="com.FrameTestCase.SortFrame" time="31.640" errors="0" timestamp="2023-02-21T16:35:46 IST" skipped="0">
  <testcase classname="com.FrameTestCase.SortFrame" name="sorttest" time="31.640"/>
  <system-out/>
</testsuite> <!-- com.FrameTestCase.SortFrame -->
