<?xml version="1.0" encoding="UTF-8"?>
<!-- Generated by org.testng.reporters.JUnitReportReporter -->
<testsuite hostname="Lenovo" failures="0" tests="2" name="com.BannerTestcase.Negative" time="47.862" errors="0" timestamp="2023-02-06T17:11:13 IST" skipped="0">
  <testcase classname="com.BannerTestcase.Negative" name="negativePDF" time="28.324"/>
  <system-out/>
  <testcase classname="com.BannerTestcase.Negative" name="negativeWORD" time="19.538"/>
  <system-out/>
</testsuite> <!-- com.BannerTestcase.Negative -->
