<?xml version="1.0" encoding="UTF-8"?>
<!-- Generated by org.testng.reporters.JUnitReportReporter -->
<testsuite hostname="Lenovo" failures="0" tests="1" name="com.FrameTestCase.SearchNegative" time="5.729" errors="0" timestamp="2023-02-07T13:26:45 IST" skipped="0">
  <testcase classname="com.FrameTestCase.SearchNegative" name="srchTest" time="5.729"/>
  <system-out/>
</testsuite> <!-- com.FrameTestCase.SearchNegative -->
