<?xml version="1.0" encoding="UTF-8"?>
<!-- Generated by org.testng.reporters.JUnitReportReporter -->
<testsuite hostname="Lenovo" failures="0" tests="1" name="com.CustomerTestcase.TC_Edit_01" time="46.178" errors="0" timestamp="2023-02-21T16:35:45 IST" skipped="0">
  <testcase classname="com.CustomerTestcase.TC_Edit_01" name="EditTest" time="46.178"/>
  <system-out/>
</testsuite> <!-- com.CustomerTestcase.TC_Edit_01 -->
