<?xml version="1.0" encoding="UTF-8"?>
<!-- Generated by org.testng.reporters.JUnitReportReporter -->
<testsuite hostname="Lenovo" failures="0" tests="1" name="com.NotificationTestcase.TC_Sort_01" time="78.495" errors="0" timestamp="2023-02-21T16:35:46 IST" skipped="0">
  <testcase classname="com.NotificationTestcase.TC_Sort_01" name="sortTest" time="78.495"/>
  <system-out/>
</testsuite> <!-- com.NotificationTestcase.TC_Sort_01 -->
