<?xml version="1.0" encoding="UTF-8"?>
<!-- Generated by org.testng.reporters.JUnitReportReporter -->
<testsuite hostname="Lenovo" failures="0" tests="2" name="com.BannerTestcase.TC_Delete_01" time="47.367" errors="0" timestamp="2023-02-21T10:45:48 IST" skipped="0">
  <testcase classname="com.BannerTestcase.TC_Delete_01" name="deleteTest" time="39.841"/>
  <system-out/>
  <testcase classname="com.BannerTestcase.TC_Delete_01" name="deletecancelTest" time="7.526"/>
  <system-out/>
</testsuite> <!-- com.BannerTestcase.TC_Delete_01 -->
