<?xml version="1.0" encoding="UTF-8"?>
<!-- Generated by org.testng.reporters.JUnitReportReporter -->
<testsuite hostname="Lenovo" failures="0" tests="1" name="com.BannerTestcase.SearchNegative_02" time="7.039" errors="0" timestamp="2023-02-01T17:04:43 IST" skipped="0">
  <testcase classname="com.BannerTestcase.SearchNegative_02" name="searchTestNeg" time="7.039"/>
  <system-out/>
</testsuite> <!-- com.BannerTestcase.SearchNegative_02 -->
