<?xml version="1.0" encoding="UTF-8"?>
<!-- Generated by org.testng.reporters.JUnitReportReporter -->
<testsuite hostname="Lenovo" failures="0" tests="4" name="com.NotificationTestcase.TC_Record_01" time="144.400" errors="0" timestamp="2023-02-21T16:35:46 IST" skipped="0">
  <testcase classname="com.NotificationTestcase.TC_Record_01" name="recoedtest" time="117.885"/>
  <system-out/>
  <testcase classname="com.NotificationTestcase.TC_Record_01" name="recoedtest1" time="6.679"/>
  <system-out/>
  <testcase classname="com.NotificationTestcase.TC_Record_01" name="recoedtest2" time="8.187"/>
  <system-out/>
  <testcase classname="com.NotificationTestcase.TC_Record_01" name="recoedtest3" time="11.649"/>
  <system-out/>
</testsuite> <!-- com.NotificationTestcase.TC_Record_01 -->
