<?xml version="1.0" encoding="UTF-8"?>
<!-- Generated by org.testng.reporters.JUnitReportReporter -->
<testsuite hostname="Lenovo" failures="0" tests="1" name="com.YetloTestCase.TC_Banner_01" time="17.723" errors="0" timestamp="2023-02-01T15:52:40 IST" skipped="0">
  <testcase classname="com.YetloTestCase.TC_Banner_01" name="TC_Banner" time="17.723"/>
  <system-out/>
</testsuite> <!-- com.YetloTestCase.TC_Banner_01 -->
