<?xml version="1.0" encoding="UTF-8"?>
<!-- Generated by org.testng.reporters.JUnitReportReporter -->
<testsuite hostname="Lenovo" failures="0" tests="1" name="com.ordersTestcase.TC_delete_01" time="54.539" errors="0" timestamp="2023-02-21T13:21:36 IST" skipped="0">
  <testcase classname="com.ordersTestcase.TC_delete_01" name="deleteTest" time="54.539"/>
  <system-out/>
</testsuite> <!-- com.ordersTestcase.TC_delete_01 -->
