<?xml version="1.0" encoding="UTF-8"?>
<!-- Generated by org.testng.reporters.JUnitReportReporter -->
<testsuite hostname="Lenovo" failures="0" tests="2" name="com.BannerTestcase.TC_Search_01" time="65.673" errors="0" timestamp="2023-02-21T16:35:45 IST" skipped="0">
  <testcase classname="com.BannerTestcase.TC_Search_01" name="searchTest" time="57.529"/>
  <system-out/>
  <testcase classname="com.BannerTestcase.TC_Search_01" name="searchTestNeg" time="8.144"/>
  <system-out/>
</testsuite> <!-- com.BannerTestcase.TC_Search_01 -->
