<?xml version="1.0" encoding="UTF-8"?>
<!-- Generated by org.testng.reporters.JUnitReportReporter -->
<testsuite hostname="Lenovo" failures="0" tests="7" name="com.FrameTestCase.SearchFrame" time="98.714" errors="0" timestamp="2023-02-21T16:35:46 IST" skipped="0">
  <testcase classname="com.FrameTestCase.SearchFrame" name="srchTest" time="27.877"/>
  <system-out/>
  <testcase classname="com.FrameTestCase.SearchFrame" name="search" time="15.583"/>
  <system-out/>
  <testcase classname="com.FrameTestCase.SearchFrame" name="searchname" time="12.474"/>
  <system-out/>
  <testcase classname="com.FrameTestCase.SearchFrame" name="searchnameNegative" time="10.960"/>
  <system-out/>
  <testcase classname="com.FrameTestCase.SearchFrame" name="searchStatus" time="10.041"/>
  <system-out/>
  <testcase classname="com.FrameTestCase.SearchFrame" name="searchStatusall" time="11.129"/>
  <system-out/>
  <testcase classname="com.FrameTestCase.SearchFrame" name="searchStatusact" time="10.650"/>
  <system-out/>
</testsuite> <!-- com.FrameTestCase.SearchFrame -->
