<?xml version="1.0" encoding="UTF-8"?>
<!-- Generated by org.testng.reporters.JUnitReportReporter -->
<testsuite hostname="Lenovo" failures="0" tests="1" name="com.DashBoardTestcase.TC_Edit_01" time="19.591" errors="0" timestamp="2023-02-15T11:37:57 IST" skipped="0">
  <testcase classname="com.DashBoardTestcase.TC_Edit_01" name="EditTest" time="19.591"/>
  <system-out/>
</testsuite> <!-- com.DashBoardTestcase.TC_Edit_01 -->
