<?xml version="1.0" encoding="UTF-8"?>
<!-- Generated by org.testng.reporters.JUnitReportReporter -->
<testsuite hostname="Lenovo" failures="0" tests="3" name="com.CustomerTestcase.TC_RecordPage_01" time="84.542" errors="0" timestamp="2023-02-21T16:35:46 IST" skipped="0">
  <testcase classname="com.CustomerTestcase.TC_RecordPage_01" name="recordTest" time="48.462"/>
  <system-out/>
  <testcase classname="com.CustomerTestcase.TC_RecordPage_01" name="recordPayment" time="24.080"/>
  <system-out/>
  <testcase classname="com.CustomerTestcase.TC_RecordPage_01" name="recordcustomer" time="12.000"/>
  <system-out/>
</testsuite> <!-- com.CustomerTestcase.TC_RecordPage_01 -->
