<?xml version="1.0" encoding="UTF-8"?>
<!-- Generated by org.testng.reporters.JUnitReportReporter -->
<testsuite hostname="Lenovo" failures="0" tests="1" name="com.BannerTestcase.TC_EditPasstive_01" time="7.549" errors="0" timestamp="2023-02-04T16:16:21 IST" skipped="0">
  <testcase classname="com.BannerTestcase.TC_EditPasstive_01" name="Edittest" time="7.549"/>
  <system-out/>
</testsuite> <!-- com.BannerTestcase.TC_EditPasstive_01 -->
