<?xml version="1.0" encoding="UTF-8"?>
<!-- Generated by org.testng.reporters.JUnitReportReporter -->
<testsuite hostname="Lenovo" failures="0" tests="3" name="com.OtherPosterCategoriesTestcase.TC_AddPoster_01" time="109.873" errors="0" timestamp="2023-02-21T16:35:46 IST" skipped="0">
  <testcase classname="com.OtherPosterCategoriesTestcase.TC_AddPoster_01" name="AddposterTest" time="81.029"/>
  <system-out/>
  <testcase classname="com.OtherPosterCategoriesTestcase.TC_AddPoster_01" name="AddposterTestclear" time="20.870"/>
  <system-out/>
  <testcase classname="com.OtherPosterCategoriesTestcase.TC_AddPoster_01" name="AddposterTestMandatory" time="7.974"/>
  <system-out/>
</testsuite> <!-- com.OtherPosterCategoriesTestcase.TC_AddPoster_01 -->
