<?xml version="1.0" encoding="UTF-8"?>
<!-- Generated by org.testng.reporters.JUnitReportReporter -->
<testsuite hostname="Lenovo" failures="0" tests="6" name="com.StyleTestcase.TC_Search_01" time="66.257" errors="0" timestamp="2023-02-21T16:35:46 IST" skipped="0">
  <testcase classname="com.StyleTestcase.TC_Search_01" name="searchtest" time="29.704"/>
  <system-out/>
  <testcase classname="com.StyleTestcase.TC_Search_01" name="srchtest" time="8.010"/>
  <system-out/>
  <testcase classname="com.StyleTestcase.TC_Search_01" name="searchtitleposstive" time="8.900"/>
  <system-out/>
  <testcase classname="com.StyleTestcase.TC_Search_01" name="srchtittleNEGATIVE" time="6.766"/>
  <system-out/>
  <testcase classname="com.StyleTestcase.TC_Search_01" name="searchtStyle" time="6.489"/>
  <system-out/>
  <testcase classname="com.StyleTestcase.TC_Search_01" name="searchtStatus" time="6.388"/>
  <system-out/>
</testsuite> <!-- com.StyleTestcase.TC_Search_01 -->
