<?xml version="1.0" encoding="UTF-8"?>
<!-- Generated by org.testng.reporters.JUnitReportReporter -->
<testsuite hostname="Lenovo" failures="0" tests="2" name="com.BusniessCategoriesTestcase.TC_Sort_01" time="52.614" errors="0" timestamp="2023-02-21T16:35:46 IST" skipped="0">
  <testcase classname="com.BusniessCategoriesTestcase.TC_Sort_01" name="SortTest" time="41.786"/>
  <system-out/>
  <testcase classname="com.BusniessCategoriesTestcase.TC_Sort_01" name="SortTestaddPoster" time="10.828"/>
  <system-out/>
</testsuite> <!-- com.BusniessCategoriesTestcase.TC_Sort_01 -->
