<?xml version="1.0" encoding="UTF-8"?>
<!-- Generated by org.testng.reporters.JUnitReportReporter -->
<testsuite hostname="Lenovo" failures="0" tests="3" name="com.BusniessCategoriesTestcase.TC_Search_01" time="48.100" errors="0" timestamp="2023-02-21T16:35:45 IST" skipped="0">
  <testcase classname="com.BusniessCategoriesTestcase.TC_Search_01" name="SearchTest" time="32.954"/>
  <system-out/>
  <testcase classname="com.BusniessCategoriesTestcase.TC_Search_01" name="SearchTestname" time="8.395"/>
  <system-out/>
  <testcase classname="com.BusniessCategoriesTestcase.TC_Search_01" name="SearchTestNegative" time="6.751"/>
  <system-out/>
</testsuite> <!-- com.BusniessCategoriesTestcase.TC_Search_01 -->
