<?xml version="1.0" encoding="UTF-8"?>
<!-- Generated by org.testng.reporters.JUnitReportReporter -->
<testsuite hostname="Lenovo" failures="0" tests="1" name="com.BannerTestcase.TC_SearchNegative_02" time="5.488" errors="0" timestamp="2023-02-04T16:19:21 IST" skipped="0">
  <testcase classname="com.BannerTestcase.TC_SearchNegative_02" name="searchTestNeg" time="5.488"/>
  <system-out/>
</testsuite> <!-- com.BannerTestcase.TC_SearchNegative_02 -->
