<?xml version="1.0" encoding="UTF-8"?>
<!-- Generated by org.testng.reporters.JUnitReportReporter -->
<testsuite hostname="Lenovo" failures="0" tests="1" name="com.BannerTestcase.TC_NegativeBanner_02" time="20.546" errors="0" timestamp="2023-02-06T14:54:36 IST" skipped="0">
  <testcase classname="com.BannerTestcase.TC_NegativeBanner_02" name="negativeTest" time="20.546"/>
  <system-out/>
</testsuite> <!-- com.BannerTestcase.TC_NegativeBanner_02 -->
