<?xml version="1.0" encoding="UTF-8"?>
<!-- Generated by org.testng.reporters.JUnitReportReporter -->
<testsuite hostname="Lenovo" failures="0" tests="1" name="com.ordersTestcase.TC_Orders_01" time="33.152" errors="0" timestamp="2023-02-21T16:35:46 IST" skipped="0">
  <testcase classname="com.ordersTestcase.TC_Orders_01" name="ordersTest" time="33.152"/>
  <system-out/>
</testsuite> <!-- com.ordersTestcase.TC_Orders_01 -->
