<?xml version="1.0" encoding="UTF-8"?>
<!-- Generated by org.testng.reporters.JUnitReportReporter -->
<testsuite hostname="Lenovo" failures="0" tests="1" name="com.BannerTestcase.TC_SortTest_01" time="46.858" errors="0" timestamp="2023-02-21T16:35:46 IST" skipped="0">
  <testcase classname="com.BannerTestcase.TC_SortTest_01" name="Sorttest" time="46.858"/>
  <system-out/>
</testsuite> <!-- com.BannerTestcase.TC_SortTest_01 -->
