<?xml version="1.0" encoding="UTF-8"?>
<!-- Generated by org.testng.reporters.JUnitReportReporter -->
<testsuite hostname="Lenovo" failures="0" tests="1" name="com.StyleTestcase.TC_ClearStyle_02" time="7.100" errors="0" timestamp="2023-02-07T15:41:06 IST" skipped="0">
  <testcase classname="com.StyleTestcase.TC_ClearStyle_02" name="cleartest" time="7.100"/>
  <system-out/>
</testsuite> <!-- com.StyleTestcase.TC_ClearStyle_02 -->
