<?xml version="1.0" encoding="UTF-8"?>
<!-- Generated by org.testng.reporters.JUnitReportReporter -->
<testsuite hostname="Lenovo" failures="0" tests="8" name="com.CustomerTestcase.TC_Search_01" time="154.654" errors="0" timestamp="2023-02-21T16:35:46 IST" skipped="0">
  <testcase classname="com.CustomerTestcase.TC_Search_01" name="searchtestNegative" time="47.533"/>
  <system-out/>
  <testcase classname="com.CustomerTestcase.TC_Search_01" name="SearchPosstive" time="23.312"/>
  <system-out/>
  <testcase classname="com.CustomerTestcase.TC_Search_01" name="SearchPosstiveDate" time="15.240"/>
  <system-out/>
  <testcase classname="com.CustomerTestcase.TC_Search_01" name="SearchPosstiveName" time="11.212"/>
  <system-out/>
  <testcase classname="com.CustomerTestcase.TC_Search_01" name="SearchPosstiveMobile" time="10.205"/>
  <system-out/>
  <testcase classname="com.CustomerTestcase.TC_Search_01" name="SearchPosstivestatus" time="11.018"/>
  <system-out/>
  <testcase classname="com.CustomerTestcase.TC_Search_01" name="actionSearch" time="23.494"/>
  <system-out/>
  <testcase classname="com.CustomerTestcase.TC_Search_01" name="actionSearchNegative" time="12.640"/>
  <system-out/>
</testsuite> <!-- com.CustomerTestcase.TC_Search_01 -->
