<?xml version="1.0" encoding="UTF-8"?>
<!-- Generated by org.testng.reporters.JUnitReportReporter -->
<testsuite hostname="Lenovo" failures="0" tests="1" name="com.FrameTestCase.SearchPosstive" time="27.134" errors="0" timestamp="2023-02-04T16:30:45 IST" skipped="0">
  <testcase classname="com.FrameTestCase.SearchPosstive" name="search" time="27.134"/>
  <system-out/>
</testsuite> <!-- com.FrameTestCase.SearchPosstive -->
