<?xml version="1.0" encoding="UTF-8"?>
<!-- Generated by org.testng.reporters.JUnitReportReporter -->
<testsuite hostname="Lenovo" failures="0" tests="1" name="com.ordersTestcase.TC_Records_01" time="36.692" errors="0" timestamp="2023-02-21T16:35:46 IST" skipped="0">
  <testcase classname="com.ordersTestcase.TC_Records_01" name="recordTest" time="36.692"/>
  <system-out/>
</testsuite> <!-- com.ordersTestcase.TC_Records_01 -->
