<?xml version="1.0" encoding="UTF-8"?>
<!-- Generated by org.testng.reporters.JUnitReportReporter -->
<testsuite hostname="Lenovo" failures="0" tests="2" name="com.CustomerTestcase.TC_CustomersAndSort_01" time="65.567" errors="0" timestamp="2023-02-21T16:35:46 IST" skipped="0">
  <testcase classname="com.CustomerTestcase.TC_CustomersAndSort_01" name="customerTest" time="32.998"/>
  <system-out/>
  <testcase classname="com.CustomerTestcase.TC_CustomersAndSort_01" name="actionSearchNegative" time="32.569"/>
  <system-out/>
</testsuite> <!-- com.CustomerTestcase.TC_CustomersAndSort_01 -->
